RSS生成日時: 2025-03-30T13:56:04.682100
RSSファイル: gh-pages/docs/feed.rss

各エピソードの詳細情報:
--------------------------------------------------------------------------------
1. タイトル: AI雑談
   ID: None
   JSON日付: なし
   pubDate: Sun, 30 Mar 2025 13:56:04 +0900
--------------------------------------------------------------------------------
2. タイトル: 雑談回
   ID: None
   JSON日付: なし
   pubDate: Sun, 30 Mar 2025 13:56:04 +0900
--------------------------------------------------------------------------------
3. タイトル: AI雑感
   ID: None
   JSON日付: なし
   pubDate: Sun, 30 Mar 2025 13:56:04 +0900
--------------------------------------------------------------------------------
4. タイトル: AI自動開発の実践を具体的に話してみる
   ID: None
   JSON日付: なし
   pubDate: Sun, 30 Mar 2025 13:56:04 +0900
--------------------------------------------------------------------------------
5. タイトル: AIを使ってボイスドラマを作ってみた話
   ID: None
   JSON日付: なし
   pubDate: Sun, 30 Mar 2025 13:56:04 +0900
--------------------------------------------------------------------------------
6. タイトル: 雑談回
   ID: None
   JSON日付: なし
   pubDate: Sun, 30 Mar 2025 13:56:04 +0900
--------------------------------------------------------------------------------
7. タイトル: 「アドレセンス」は観た方がいい
   ID: None
   JSON日付: なし
   pubDate: Sun, 30 Mar 2025 13:56:04 +0900
--------------------------------------------------------------------------------
8. タイトル: NFTの体験が変わる
   ID: None
   JSON日付: なし
   pubDate: Sun, 30 Mar 2025 13:56:04 +0900
--------------------------------------------------------------------------------
9. タイトル: NFTとはなんだったのか、これからはなんであるのか
   ID: None
   JSON日付: なし
   pubDate: Sun, 30 Mar 2025 13:56:04 +0900
--------------------------------------------------------------------------------
10. タイトル: AIエージェントと自動開発
   ID: None
   JSON日付: なし
   pubDate: Sun, 30 Mar 2025 13:56:04 +0900
--------------------------------------------------------------------------------
11. タイトル: AIとニンゲン
   ID: None
   JSON日付: なし
   pubDate: Sun, 30 Mar 2025 13:56:04 +0900
--------------------------------------------------------------------------------
